\BOOKMARK [0][-]{chapter.1}{\376\377\004\027\004\060\004\064\004\060\004\075\004\070\004\065}{}% 1
\BOOKMARK [0][-]{chapter.2}{\376\377\004\022\004\113\004\077\004\076\004\073\004\075\004\065\004\075\004\070\004\065\000\040\004\100\004\060\004\061\004\076\004\102\004\113}{}% 2
\BOOKMARK [1][-]{section.2.1}{\376\377\004\030\004\067\004\103\004\107\004\065\004\075\004\070\004\065}{chapter.2}% 3
\BOOKMARK [2][-]{subsection.2.1.1}{\376\377\004\036\004\077\004\070\004\101\004\060\004\075\004\070\004\117\000\040\004\064\004\065\004\101\004\117\004\102\004\070\000\040\004\101\004\060\004\074\004\113\004\105\000\040\004\100\004\060\004\101\004\077\004\100\004\076\004\101\004\102\004\100\004\060\004\075\004\065\004\075\004\075\004\113\004\105\000\040\004\062\004\065\004\061\000-\004\103\004\117\004\067\004\062\004\070\004\074\004\076\004\101\004\102\004\070\000\040\004\101\004\076\004\063\004\073\004\060\004\101\004\075\004\076\000\040\004\100\004\065\004\071\004\102\004\070\004\075\004\063\004\103\000\040\000O\000W\000A\000S\000P}{section.2.1}% 4
\BOOKMARK [1][-]{section.2.2}{\376\377\004\027\004\060\004\077\004\103\004\101\004\072\000\040\000W\000e\000b\000G\000o\000a\000t\000,\000\040\000Z\000A\000P\000,\000\040\000M\000a\000n\000t\000r\000a}{chapter.2}% 5
\BOOKMARK [1][-]{section.2.3}{\376\377\000B\000a\000s\000i\000c\000s}{chapter.2}% 6
\BOOKMARK [1][-]{section.2.4}{\376\377\004\035\004\065\004\064\004\076\004\101\004\102\004\060\004\102\004\072\004\070\000\040\004\072\004\076\004\075\004\102\004\100\004\076\004\073\004\117\000\040\004\064\004\076\004\101\004\102\004\103\004\077\004\060}{chapter.2}% 7
\BOOKMARK [1][-]{section.2.5}{\376\377\004\021\004\065\004\067\004\076\004\077\004\060\004\101\004\075\004\076\004\101\004\102\004\114\000\040\000A\000J\000A\000X}{chapter.2}% 8
\BOOKMARK [1][-]{section.2.6}{\376\377\004\035\004\065\004\064\004\076\004\101\004\102\004\060\004\102\004\072\004\070\000\040\004\060\004\103\004\102\004\065\004\075\004\102\004\070\004\104\004\070\004\072\004\060\004\106\004\070\004\070}{chapter.2}% 9
\BOOKMARK [1][-]{section.2.7}{\376\377\004\037\004\065\004\100\004\065\004\077\004\076\004\073\004\075\004\065\004\075\004\070\004\065\000\040\004\061\004\103\004\104\004\065\004\100\004\060}{chapter.2}% 10
\BOOKMARK [1][-]{section.2.8}{\376\377\004\032\004\060\004\107\004\065\004\101\004\102\004\062\004\076\000\040\004\072\004\076\004\064\004\060}{chapter.2}% 11
\BOOKMARK [1][-]{section.2.9}{\376\377\004\034\004\075\004\076\004\063\004\076\004\077\004\076\004\102\004\076\004\107\004\075\004\076\004\101\004\102\004\114}{chapter.2}% 12
\BOOKMARK [1][-]{section.2.10}{\376\377\004\034\004\065\004\066\004\101\004\060\004\071\004\102\004\076\004\062\004\076\004\065\000\040\004\062\004\113\004\077\004\076\004\073\004\075\004\065\004\075\004\070\004\065\000\040\004\101\004\106\004\065\004\075\004\060\004\100\004\070\004\065\004\062}{chapter.2}% 13
\BOOKMARK [1][-]{section.2.11}{\376\377\004\035\004\065\004\077\004\100\004\060\004\062\004\070\004\073\004\114\004\075\004\060\004\117\000\040\004\076\004\061\004\100\004\060\004\061\004\076\004\102\004\072\004\060\000\040\004\076\004\110\004\070\004\061\004\076\004\072}{chapter.2}% 14
\BOOKMARK [1][-]{section.2.12}{\376\377\004\035\004\065\004\064\004\076\004\101\004\102\004\060\004\102\004\072\004\070\000\040\004\077\004\100\004\070\004\062\004\076\004\064\004\117\004\111\004\070\004\065\000\040\004\072\000\040\004\076\004\101\004\103\004\111\004\065\004\101\004\102\004\062\004\073\004\065\004\075\004\070\004\116\000\040\004\070\004\075\004\112\004\065\004\072\004\106\004\070\004\071}{chapter.2}% 15
\BOOKMARK [1][-]{section.2.13}{\376\377\004\036\004\102\004\072\004\060\004\067\000\040\004\062\000\040\004\076\004\061\004\101\004\073\004\103\004\066\004\070\004\062\004\060\004\075\004\070\004\070}{chapter.2}% 16
\BOOKMARK [1][-]{section.2.14}{\376\377\004\035\004\065\004\061\004\065\004\067\004\076\004\077\004\060\004\101\004\075\004\076\004\065\000\040\004\101\004\065\004\102\004\065\004\062\004\076\004\065\000\040\004\062\004\067\004\060\004\070\004\074\004\076\004\064\004\065\004\071\004\101\004\102\004\062\004\070\004\065}{chapter.2}% 17
\BOOKMARK [1][-]{section.2.15}{\376\377\004\035\004\065\004\061\004\065\004\067\004\076\004\077\004\060\004\101\004\075\004\060\004\117\000\040\004\072\004\076\004\075\004\104\004\070\004\063\004\103\004\100\004\060\004\106\004\070\004\117}{chapter.2}% 18
\BOOKMARK [1][-]{section.2.16}{\376\377\004\035\004\065\004\061\004\065\004\067\004\076\004\077\004\060\004\101\004\075\004\076\004\065\000\040\004\105\004\100\004\060\004\075\004\070\004\073\004\070\004\111\004\065}{chapter.2}% 19
\BOOKMARK [1][-]{section.2.17}{\376\377\004\030\004\101\004\077\004\076\004\073\004\075\004\065\004\075\004\070\004\065\000\040\004\067\004\073\004\076\004\075\004\060\004\074\004\065\004\100\004\065\004\075\004\075\004\076\004\063\004\076\000\040\004\072\004\076\004\064\004\060}{chapter.2}% 20
\BOOKMARK [1][-]{section.2.18}{\376\377\004\037\004\076\004\064\004\064\004\065\004\073\004\072\004\060\000\040\004\077\004\060\004\100\004\060\004\074\004\065\004\102\004\100\004\076\004\062}{chapter.2}% 21
\BOOKMARK [1][-]{section.2.19}{\376\377\004\035\004\065\004\064\004\076\004\101\004\102\004\060\004\102\004\072\004\070\000\040\004\103\004\077\004\100\004\060\004\062\004\073\004\065\004\075\004\070\004\065\000\040\004\101\004\065\004\101\004\101\004\070\004\065\004\071}{chapter.2}% 22
\BOOKMARK [1][-]{section.2.20}{\376\377\004\021\004\065\004\067\004\076\004\077\004\060\004\101\004\075\004\076\004\101\004\102\004\114\000\040\004\062\004\065\004\061\000-\004\101\004\065\004\100\004\062\004\070\004\101\004\076\004\062}{chapter.2}% 23
\BOOKMARK [0][-]{chapter.3}{\376\377\004\022\004\113\004\062\004\076\004\064\004\113}{}% 24
